GROUP,PACKAGE,CLASS,INSTRUCTION_MISSED,INSTRUCTION_COVERED,BRANCH_MISSED,BRANCH_COVERED,LINE_MISSED,LINE_COVERED,COMPLEXITY_MISSED,COMPLEXITY_COVERED,METHOD_MISSED,METHOD_COVERED
Mark Test Projects,prv.mark.test.domain,SoldierWithOverriddenEqualsAndHashCode,18,104,4,6,6,19,7,8,3,7
Mark Test Projects,prv.mark.test.domain,SoldierWithOverriddenEquals,20,80,5,5,6,15,8,6,3,6
Mark Test Projects,prv.mark.test.domain,SoldierWithOverriddenHashCode,12,71,0,0,6,13,3,6,3,6
Mark Test Projects,prv.mark.test,MarkSpringApplication,15,0,0,0,5,0,3,0,3,0
